<?xml version='1.0' encoding='UTF-8'?>
<!--
  ~ Certain versions of software and/or documents ("Material") accessible here may contain branding from
  ~ Hewlett-Packard Company (now HP Inc.) and Hewlett Packard Enterprise Company.  As of September 1, 2017,
  ~ the Material is now offered by Micro Focus, a separately owned and operated company.  Any reference to the HP
  ~ and Hewlett Packard Enterprise/HPE marks is historical in nature, and the HP and Hewlett Packard Enterprise/HPE
  ~ marks are the property of their respective owners.
  ~ __________________________________________________________________
  ~ MIT License
  ~
  ~ (c) Copyright 2012-2023 Micro Focus or one of its affiliates.
  ~
  ~ Permission is hereby granted, free of charge, to any person obtaining a copy of this software and associated
  ~ documentation files (the "Software"), to deal in the Software without restriction, including without limitation
  ~ the rights to use, copy, modify, merge, publish, distribute, sublicense, and/or sell copies of the Software,
  ~ and to permit persons to whom the Software is furnished to do so, subject to the following conditions:
  ~
  ~ The above copyright notice and this permission notice shall be included in all copies or
  ~ substantial portions of the Software.
  ~
  ~ THE SOFTWARE IS PROVIDED "AS IS", WITHOUT WARRANTY OF ANY KIND, EXPRESS OR IMPLIED, INCLUDING BUT NOT LIMITED TO
  ~ THE WARRANTIES OF MERCHANTABILITY, FITNESS FOR A PARTICULAR PURPOSE AND NONINFRINGEMENT. IN NO EVENT SHALL THE
  ~ AUTHORS OR COPYRIGHT HOLDERS BE LIABLE FOR ANY CLAIM, DAMAGES OR OTHER LIABILITY, WHETHER IN AN ACTION OF CONTRACT,
  ~ TORT OR OTHERWISE, ARISING FROM, OUT OF OR IN CONNECTION WITH THE SOFTWARE OR THE USE OR OTHER DEALINGS IN THE
  ~ SOFTWARE.
  ~
  ~ ___________________________________________________________________
  -->

<result plugin="junit@1.2-beta-4">
  <suites>
    <suite>
      <file>C:\QC\Jenkins\workspace\test1\prog1prj1\output\TEST-prog1prj1.TestProg1Prj1Test1.xml</file>
      <name>prog1prj1.TestProg1Prj1Test1</name>
      <stdout></stdout>
      <stderr></stderr>
      <duration>0.064</duration>
      <timestamp>2015-05-12T12:23:27</timestamp>
      <cases>
        <case>
          <duration>0.002</duration>
          <className>prog1prj1.TestProg1Prj1Test1</className>
          <testName>testMethod1</testName>
          <skipped>false</skipped>
          <failedSince>0</failedSince>
        </case>
        <case>
          <duration>0.001</duration>
          <className>prog1prj1.TestProg1Prj1Test1</className>
          <testName>testMethod2</testName>
          <skipped>false</skipped>
          <failedSince>0</failedSince>
        </case>
        <case>
          <duration>0.061</duration>
          <className>prog1prj1.TestProg1Prj1Test1</className>
          <testName>testMethod3</testName>
          <skipped>false</skipped>
          <errorStackTrace>junit.framework.AssertionFailedError: Not yet implemented
	at prog1prj1.TestProg1Prj1Test1.testMethod3(Unknown Source)
</errorStackTrace>
          <errorDetails>Not yet implemented</errorDetails>
          <failedSince>0</failedSince>
        </case>
      </cases>
    </suite>
  </suites>
  <duration>0.064</duration>
  <keepLongStdio>false</keepLongStdio>
</result>